Performing C SOURCE FILE Test CMAKE_HAVE_LIBC_PTHREAD failed with the following output:
Change Dir: /home/pavlo/workDirectory/basecamp/personal_tasks/task_2/Weather/cmake-build-debug/CMakeFiles/CMakeTmp

Run Build Command(s):/bin/make cmTC_4ca74/fast && /bin/make -f CMakeFiles/cmTC_4ca74.dir/build.make CMakeFiles/cmTC_4ca74.dir/build
make[1]: вход в каталог «/home/pavlo/workDirectory/basecamp/personal_tasks/task_2/Weather/cmake-build-debug/CMakeFiles/CMakeTmp»
Building C object CMakeFiles/cmTC_4ca74.dir/src.c.o
/bin/gcc   -DCMAKE_HAVE_LIBC_PTHREAD   -o CMakeFiles/cmTC_4ca74.dir/src.c.o   -c /home/pavlo/workDirectory/basecamp/personal_tasks/task_2/Weather/cmake-build-debug/CMakeFiles/CMakeTmp/src.c
Linking C executable cmTC_4ca74
/usr/bin/cmake -E cmake_link_script CMakeFiles/cmTC_4ca74.dir/link.txt --verbose=1
/bin/gcc  -DCMAKE_HAVE_LIBC_PTHREAD    CMakeFiles/cmTC_4ca74.dir/src.c.o  -o cmTC_4ca74 
/usr/bin/ld: CMakeFiles/cmTC_4ca74.dir/src.c.o: в функции «main»:
src.c:(.text+0x46): неопределённая ссылка на «pthread_create»
/usr/bin/ld: src.c:(.text+0x52): неопределённая ссылка на «pthread_detach»
/usr/bin/ld: src.c:(.text+0x63): неопределённая ссылка на «pthread_join»
collect2: error: ld returned 1 exit status
make[1]: *** [CMakeFiles/cmTC_4ca74.dir/build.make:87: cmTC_4ca74] Ошибка 1
make[1]: выход из каталога «/home/pavlo/workDirectory/basecamp/personal_tasks/task_2/Weather/cmake-build-debug/CMakeFiles/CMakeTmp»
make: *** [Makefile:121: cmTC_4ca74/fast] Ошибка 2


Source file was:
#include <pthread.h>

void* test_func(void* data)
{
  return data;
}

int main(void)
{
  pthread_t thread;
  pthread_create(&thread, NULL, test_func, NULL);
  pthread_detach(thread);
  pthread_join(thread, NULL);
  pthread_atfork(NULL, NULL, NULL);
  pthread_exit(NULL);

  return 0;
}

Determining if the function pthread_create exists in the pthreads failed with the following output:
Change Dir: /home/pavlo/workDirectory/basecamp/personal_tasks/task_2/Weather/cmake-build-debug/CMakeFiles/CMakeTmp

Run Build Command(s):/bin/make cmTC_99a77/fast && /bin/make -f CMakeFiles/cmTC_99a77.dir/build.make CMakeFiles/cmTC_99a77.dir/build
make[1]: вход в каталог «/home/pavlo/workDirectory/basecamp/personal_tasks/task_2/Weather/cmake-build-debug/CMakeFiles/CMakeTmp»
Building C object CMakeFiles/cmTC_99a77.dir/CheckFunctionExists.c.o
/bin/gcc   -DCHECK_FUNCTION_EXISTS=pthread_create   -o CMakeFiles/cmTC_99a77.dir/CheckFunctionExists.c.o   -c /usr/share/cmake-3.16/Modules/CheckFunctionExists.c
Linking C executable cmTC_99a77
/usr/bin/cmake -E cmake_link_script CMakeFiles/cmTC_99a77.dir/link.txt --verbose=1
/bin/gcc  -DCHECK_FUNCTION_EXISTS=pthread_create    CMakeFiles/cmTC_99a77.dir/CheckFunctionExists.c.o  -o cmTC_99a77  -lpthreads 
/usr/bin/ld: невозможно найти -lpthreads
collect2: error: ld returned 1 exit status
make[1]: *** [CMakeFiles/cmTC_99a77.dir/build.make:87: cmTC_99a77] Ошибка 1
make[1]: выход из каталога «/home/pavlo/workDirectory/basecamp/personal_tasks/task_2/Weather/cmake-build-debug/CMakeFiles/CMakeTmp»
make: *** [Makefile:121: cmTC_99a77/fast] Ошибка 2



